<?xml version="1.0" encoding="UTF-8"?>
<!-- Generated by org.testng.reporters.JUnitReportReporter -->
<testsuite skipped="0" hostname="LAPTOP-6Q09DOQ1" name="pages.test.VerifyNewUser" tests="1" failures="0" timestamp="2022-09-22T18:24:20 EDT" time="0.475" errors="0">
  <testcase name="VerifySignUpButton" time="0.475" classname="pages.test.VerifyNewUser"/>
  <system-out/>
</testsuite> <!-- pages.test.VerifyNewUser -->
