<?xml version="1.0" encoding="UTF-8"?>
<!-- Generated by org.testng.reporters.JUnitReportReporter -->
<testsuite skipped="0" hostname="LAPTOP-6Q09DOQ1" name="SignUpPage" tests="1" failures="0" timestamp="2022-09-22T17:46:49 EDT" time="1.351" errors="0">
  <testcase name="LonInPage" time="1.351" classname="SignUpPage"/>
  <system-out/>
</testsuite> <!-- SignUpPage -->
