<?xml version="1.0" encoding="UTF-8"?>
<!-- Generated by org.testng.reporters.JUnitReportReporter -->
<testsuite skipped="0" hostname="LAPTOP-6Q09DOQ1" name="pages.test.SignUpPage" tests="2" failures="0" timestamp="2022-10-25T21:34:28 EDT" time="3.497" errors="0">
  <testcase name="VerifySignUpBtn" time="0.697" classname="pages.test.SignUpPage"/>
  <system-out/>
  <testcase name="signUpWithValidInfo" time="2.800" classname="pages.test.SignUpPage"/>
  <system-out/>
</testsuite> <!-- pages.test.SignUpPage -->
