<?xml version="1.0" encoding="UTF-8"?>
<!-- Generated by org.testng.reporters.JUnitReportReporter -->
<testsuite skipped="0" hostname="LAPTOP-6Q09DOQ1" name="pages.test.TestAutomationPageTest" tests="2" failures="0" timestamp="2022-10-25T21:34:28 EDT" time="2.793" errors="0">
  <testcase name="VerifyTestAutomationButton" time="0.658" classname="pages.test.TestAutomationPageTest"/>
  <system-out/>
  <testcase name="TestAutomationPracticeForm" time="2.135" classname="pages.test.TestAutomationPageTest"/>
  <system-out/>
</testsuite> <!-- pages.test.TestAutomationPageTest -->
